#
# There is insufficient memory for the Java Runtime Environment to continue.
# Native memory allocation (malloc) failed to allocate 116496 bytes for Chunk::new
# Possible reasons:
#   The system is out of physical RAM or swap space
#   In 32 bit mode, the process size limit was hit
# Possible solutions:
#   Reduce memory load on the system
#   Increase physical memory or swap space
#   Check if swap backing store is full
#   Use 64 bit Java on a 64 bit OS
#   Decrease Java heap size (-Xmx/-Xms)
#   Decrease number of Java threads
#   Decrease Java thread stack sizes (-Xss)
#   Set larger code cache with -XX:ReservedCodeCacheSize=
# This output file may be truncated or incomplete.
#
#  Out of Memory Error (allocation.cpp:390), pid=4704, tid=0x00000000000043f8
#
# JRE version: Java(TM) SE Runtime Environment (8.0_101-b13) (build 1.8.0_101-b13)
# Java VM: Java HotSpot(TM) 64-Bit Server VM (25.101-b13 mixed mode windows-amd64 compressed oops)
# Failed to write core dump. Minidumps are not enabled by default on client versions of Windows
#

---------------  T H R E A D  ---------------

Current thread (0x0000000016f59800):  JavaThread "C2 CompilerThread1" daemon [_thread_in_native, id=17400, stack(0x0000000017340000,0x0000000017440000)]

Stack: [0x0000000017340000,0x0000000017440000]
[error occurred during error reporting (printing stack bounds), id 0xc0000005]

Native frames: (J=compiled Java code, j=interpreted, Vv=VM code, C=native code)


Current CompileTask:
C2:   4629  886       4       com.android.dx.ssa.SsaBasicBlock::forEachInsn (37 bytes)


---------------  P R O C E S S  ---------------

Java Threads: ( => current thread )
  0x0000000017117800 JavaThread "pool-2-thread-4" [_thread_in_native, id=4236, stack(0x0000000017b40000,0x0000000017c40000)]
  0x0000000017102000 JavaThread "pool-2-thread-3" [_thread_in_native, id=15556, stack(0x0000000017a40000,0x0000000017b40000)]
  0x0000000017100000 JavaThread "pool-2-thread-2" [_thread_blocked, id=7268, stack(0x0000000017940000,0x0000000017a40000)]
  0x00000000170fd000 JavaThread "pool-3-thread-1" [_thread_blocked, id=10124, stack(0x0000000017840000,0x0000000017940000)]
  0x00000000170fc800 JavaThread "pool-2-thread-1" [_thread_blocked, id=17336, stack(0x0000000017740000,0x0000000017840000)]
  0x0000000016fb0000 JavaThread "Service Thread" daemon [_thread_blocked, id=16960, stack(0x0000000017540000,0x0000000017640000)]
  0x0000000016f9e800 JavaThread "C1 CompilerThread2" daemon [_thread_blocked, id=8736, stack(0x0000000017440000,0x0000000017540000)]
=>0x0000000016f59800 JavaThread "C2 CompilerThread1" daemon [_thread_in_native, id=17400, stack(0x0000000017340000,0x0000000017440000)]
  0x000000001593c000 JavaThread "C2 CompilerThread0" daemon [_thread_blocked, id=15432, stack(0x0000000016e40000,0x0000000016f40000)]
  0x000000001593a000 JavaThread "Attach Listener" daemon [_thread_blocked, id=13784, stack(0x0000000016d40000,0x0000000016e40000)]
  0x0000000015939000 JavaThread "Signal Dispatcher" daemon [_thread_blocked, id=9924, stack(0x0000000016c40000,0x0000000016d40000)]
  0x000000000320b000 JavaThread "Finalizer" daemon [_thread_blocked, id=6092, stack(0x0000000016b40000,0x0000000016c40000)]
  0x00000000031ff800 JavaThread "Reference Handler" daemon [_thread_blocked, id=15472, stack(0x0000000016a40000,0x0000000016b40000)]
  0x0000000003110800 JavaThread "main" [_thread_in_native, id=10952, stack(0x0000000002fb0000,0x00000000030b0000)]

Other Threads:
  0x00000000158a8800 VMThread [stack: 0x0000000016940000,0x0000000016a40000] [id=7540]
  0x0000000016fed000 WatcherThread [stack: 0x0000000017640000,0x0000000017740000] [id=13408]

VM state:not at safepoint (normal execution)

VM Mutex/Monitor currently owned by a thread: None

Heap:
 PSYoungGen      total 18944K, used 11105K [0x00000000eab00000, 0x00000000ec000000, 0x0000000100000000)
  eden space 16384K, 52% used [0x00000000eab00000,0x00000000eb3589e8,0x00000000ebb00000)
  from space 2560K, 99% used [0x00000000ebb00000,0x00000000ebd7fc80,0x00000000ebd80000)
  to   space 2560K, 0% used [0x00000000ebd80000,0x00000000ebd80000,0x00000000ec000000)
 ParOldGen       total 44032K, used 2309K [0x00000000c0000000, 0x00000000c2b00000, 0x00000000eab00000)
  object space 44032K, 5% used [0x00000000c0000000,0x00000000c0241480,0x00000000c2b00000)
 Metaspace       used 5893K, capacity 6838K, committed 7040K, reserved 1056768K
  class space    used 603K, capacity 622K, committed 640K, reserved 1048576K

Card table byte_map: [0x00000000125d0000,0x00000000127e0000] byte_map_base: 0x0000000011fd0000

Marking Bits: (ParMarkBitMap*) 0x000000006159a6d0
 Begin Bits: [0x0000000012d40000, 0x0000000013d40000)
 End Bits:   [0x0000000013d40000, 0x0000000014d40000)

Polling page: 0x0000000001010000

CodeCache: size=245760Kb used=3566Kb max_used=3584Kb free=242193Kb
 bounds [0x0000000003210000, 0x00000000035a0000, 0x0000000012210000]
 total_blobs=1151 nmethods=879 adapters=184
 compilation: disabled (not enough contiguous free space left)

Compilation events (10 events):
Event: 4.445 Thread 0x0000000016f9e800 nmethod 874 0x000000000358ce90 code [0x000000000358cfe0, 0x000000000358d1d0]
Event: 4.445 Thread 0x0000000016f9e800  909       3       com.android.dx.util.IntList::makeImmutable (20 bytes)
Event: 4.445 Thread 0x0000000016f9e800 nmethod 909 0x000000000358d290 code [0x000000000358d400, 0x000000000358d778]
Event: 4.445 Thread 0x0000000016f9e800  855       3       com.android.dx.rop.code.Insn::getLocalAssignment (48 bytes)
Event: 4.445 Thread 0x0000000016f9e800 nmethod 855 0x000000000358d890 code [0x000000000358da20, 0x000000000358e028]
Event: 4.445 Thread 0x0000000016f9e800  844       3       com.android.dx.rop.code.Insn$BaseVisitor::visitPlainInsn (1 bytes)
Event: 4.445 Thread 0x0000000016f9e800 nmethod 844 0x000000000358e190 code [0x000000000358e2e0, 0x000000000358e430]
Event: 4.445 Thread 0x0000000016f9e800  860   !   3       com.android.dx.cf.code.ExecutionStack::push (102 bytes)
Event: 4.448 Thread 0x0000000016f9e800 

Event: 4.452 Thread 0x000000001593c000 


GC Heap History (2 events):
Event: 4.335 GC heap before
{Heap before GC invocations=1 (full 0):
 PSYoungGen      total 18944K, used 16384K [0x00000000eab00000, 0x00000000ec000000, 0x0000000100000000)
  eden space 16384K, 100% used [0x00000000eab00000,0x00000000ebb00000,0x00000000ebb00000)
  from space 2560K, 0% used [0x00000000ebd80000,0x00000000ebd80000,0x00000000ec000000)
  to   space 2560K, 0% used [0x00000000ebb00000,0x00000000ebb00000,0x00000000ebd80000)
 ParOldGen       total 44032K, used 0K [0x00000000c0000000, 0x00000000c2b00000, 0x00000000eab00000)
  object space 44032K, 0% used [0x00000000c0000000,0x00000000c0000000,0x00000000c2b00000)
 Metaspace       used 5797K, capacity 6708K, committed 6784K, reserved 1056768K
  class space    used 599K, capacity 620K, committed 640K, reserved 1048576K
Event: 4.356 GC heap after
Heap after GC invocations=1 (full 0):
 PSYoungGen      total 18944K, used 2559K [0x00000000eab00000, 0x00000000ec000000, 0x0000000100000000)
  eden space 16384K, 0% used [0x00000000eab00000,0x00000000eab00000,0x00000000ebb00000)
  from space 2560K, 99% used [0x00000000ebb00000,0x00000000ebd7fc80,0x00000000ebd80000)
  to   space 2560K, 0% used [0x00000000ebd80000,0x00000000ebd80000,0x00000000ec000000)
 ParOldGen       total 44032K, used 2309K [0x00000000c0000000, 0x00000000c2b00000, 0x00000000eab00000)
  object space 44032K, 5% used [0x00000000c0000000,0x00000000c0241480,0x00000000c2b00000)
 Metaspace       used 5797K, capacity 6708K, committed 6784K, reserved 1056768K
  class space    used 599K, capacity 620K, committed 640K, reserved 1048576K
}

Deoptimization events (7 events):
Event: 4.303 Thread 0x00000000170fc800 Uncommon trap: reason=unstable_if action=reinterpret pc=0x00000000034de42c method=com.android.dx.rop.code.RegisterSpecSet.put(Lcom/android/dx/rop/code/RegisterSpec;)V @ 77
Event: 4.304 Thread 0x00000000170fc800 Uncommon trap: reason=unstable_if action=reinterpret pc=0x00000000034d316c method=com.android.dx.rop.code.RegisterSpecSet.put(Lcom/android/dx/rop/code/RegisterSpec;)V @ 77
Event: 4.357 Thread 0x0000000017100000 Uncommon trap: reason=class_check action=maybe_recompile pc=0x00000000034e2f98 method=com.android.dx.ssa.NormalSsaInsn.accept(Lcom/android/dx/ssa/SsaInsn$Visitor;)V @ 9
Event: 4.357 Thread 0x0000000017100000 Uncommon trap: reason=class_check action=maybe_recompile pc=0x00000000034e2f98 method=com.android.dx.ssa.NormalSsaInsn.accept(Lcom/android/dx/ssa/SsaInsn$Visitor;)V @ 9
Event: 4.357 Thread 0x0000000017100000 Uncommon trap: reason=class_check action=maybe_recompile pc=0x00000000034e2f98 method=com.android.dx.ssa.NormalSsaInsn.accept(Lcom/android/dx/ssa/SsaInsn$Visitor;)V @ 9
Event: 4.358 Thread 0x0000000017100000 Uncommon trap: reason=class_check action=maybe_recompile pc=0x00000000034e2f98 method=com.android.dx.ssa.NormalSsaInsn.accept(Lcom/android/dx/ssa/SsaInsn$Visitor;)V @ 9
Event: 4.359 Thread 0x0000000017100000 Uncommon trap: reason=class_check action=maybe_recompile pc=0x000000000344f3b0 method=com.android.dx.ssa.NormalSsaInsn.accept(Lcom/android/dx/ssa/SsaInsn$Visitor;)V @ 9

Internal exceptions (2 events):
Event: 0.076 Thread 0x0000000003110800 Exception <a 'java/lang/NoSuchMethodError': Method sun.misc.Unsafe.defineClass(Ljava/lang/String;[BII)Ljava/lang/Class; name or signature does not match> (0x00000000eab07cc0) thrown at [C:\re\workspace\8-2-build-windows-amd64-cygwin\jdk8u101\7261\hotspot\s<çjÙjˆ³?
Event: 0.076 Thread 0x0000000003110800 Exception <a 'java/lang/NoSuchMethodError': Method sun.misc.Unsafe.prefetchRead(Ljava/lang/Object;J)V name or signature does not match> (0x00000000eab07fa8) thrown at [C:\re\workspace\8-2-build-windows-amd64-cygwin\jdk8u101\7261\hotspot\src\share\vm\prims\

Events (10 events):
Event: 4.358 Thread 0x0000000017100000 DEOPT UNPACKING pc=0x000000000325582a sp=0x0000000017a3e7a0 mode 2
Event: 4.359 Thread 0x0000000017100000 Uncommon trap: trap_request=0xffffffde fr.pc=0x000000000344f3b0
Event: 4.359 Thread 0x0000000017100000 DEOPT PACKING pc=0x000000000344f3b0 sp=0x0000000017a3e820
Event: 4.359 Thread 0x0000000017100000 DEOPT UNPACKING pc=0x000000000325582a sp=0x0000000017a3e7c0 mode 2
Event: 4.390 Executing VM operation: EnableBiasedLocking
Event: 4.394 Executing VM operation: EnableBiasedLocking done
Event: 4.439 loading class com/android/dx/cf/code/SwitchList
Event: 4.439 loading class com/android/dx/cf/code/SwitchList done
Event: 4.443 loading class java/util/TreeMap$EntrySet
Event: 4.451 loading class java/util/DualPivotQuicksort


Dynamic libraries:
0x00007ff7bd830000 - 0x00007ff7bd867000 	C:\Program Files\Java\jdk1.8.0_101\bin\java.exe
0x00007fffdc3d0000 - 0x00007fffdc591000 	C:\WINDOWS\SYSTEM32\ntdll.dll
0x00007fffdb470000 - 0x00007fffdb51d000 	C:\WINDOWS\system32\KERNEL32.DLL
0x00007fffd8830000 - 0x00007fffd8a18000 	C:\WINDOWS\system32\KERNELBASE.dll
0x00007fffdbe20000 - 0x00007fffdbec7000 	C:\WINDOWS\system32\ADVAPI32.dll
0x00007fffdc0c0000 - 0x00007fffdc15d000 	C:\WINDOWS\system32\msvcrt.dll
0x00007fffdc160000 - 0x00007fffdc1bb000 	C:\WINDOWS\system32\sechost.dll
0x00007fffd96f0000 - 0x00007fffd980c000 	C:\WINDOWS\system32\RPCRT4.dll
0x00007fffdb5d0000 - 0x00007fffdb726000 	C:\WINDOWS\system32\USER32.dll
0x00007fffdb8f0000 - 0x00007fffdba76000 	C:\WINDOWS\system32\GDI32.dll
0x00007fffd16d0000 - 0x00007fffd1944000 	C:\WINDOWS\WinSxS\amd64_microsoft.windows.common-controls_6595b64144ccf1df_6.0.10586.494_none_a2d8b04ea53e3145\COMCTL32.dll
0x00007fffdba80000 - 0x00007fffdbcfd000 	C:\WINDOWS\system32\combase.dll
0x00007fffd94e0000 - 0x00007fffd954a000 	C:\WINDOWS\system32\bcryptPrimitives.dll
0x00007fffdb380000 - 0x00007fffdb3bb000 	C:\WINDOWS\system32\IMM32.DLL
0x00007fffd86b0000 - 0x00007fffd86e1000 	C:\Windows\system32\nvinitx.dll
0x00007fffd86a0000 - 0x00007fffd86aa000 	C:\WINDOWS\SYSTEM32\VERSION.dll
0x0000000060330000 - 0x0000000060402000 	C:\Program Files\Java\jdk1.8.0_101\jre\bin\msvcr100.dll
0x0000000060d80000 - 0x000000006161a000 	C:\Program Files\Java\jdk1.8.0_101\jre\bin\server\jvm.dll
0x00007fffd8c00000 - 0x00007fffd8c23000 	C:\WINDOWS\system32\WINMM.dll
0x00007fffd87e0000 - 0x00007fffd880c000 	C:\WINDOWS\system32\WINMMBASE.dll
0x00007fffd8ad0000 - 0x00007fffd8b13000 	C:\WINDOWS\system32\cfgmgr32.dll
0x00007fffdbd00000 - 0x00007fffdbd08000 	C:\WINDOWS\system32\PSAPI.DLL
0x00007fffcb380000 - 0x00007fffcb389000 	C:\WINDOWS\SYSTEM32\WSOCK32.dll
0x00007fffd9810000 - 0x00007fffd987b000 	C:\WINDOWS\system32\WS2_32.dll
0x0000000060d70000 - 0x0000000060d7f000 	C:\Program Files\Java\jdk1.8.0_101\jre\bin\verify.dll
0x0000000060d40000 - 0x0000000060d69000 	C:\Program Files\Java\jdk1.8.0_101\jre\bin\java.dll
0x0000000060d20000 - 0x0000000060d36000 	C:\Program Files\Java\jdk1.8.0_101\jre\bin\zip.dll
0x00007fffd9cb0000 - 0x00007fffdb20c000 	C:\WINDOWS\system32\SHELL32.dll
0x00007fffd8c30000 - 0x00007fffd9275000 	C:\WINDOWS\system32\windows.storage.dll
0x00007fffd9690000 - 0x00007fffd96e2000 	C:\WINDOWS\system32\shlwapi.dll
0x00007fffd8820000 - 0x00007fffd882f000 	C:\WINDOWS\system32\kernel.appcore.dll
0x00007fffd8b40000 - 0x00007fffd8bf5000 	C:\WINDOWS\system32\shcore.dll
0x00007fffd9560000 - 0x00007fffd95ab000 	C:\WINDOWS\system32\powrprof.dll
0x00007fffd87c0000 - 0x00007fffd87d4000 	C:\WINDOWS\system32\profapi.dll

VM Arguments:
jvm_args: -Djava.awt.headless=true -Xmx1024M -Dfile.encoding=GBK -Duser.country=CN -Duser.language=zh -Duser.variant 
java_command: com.android.dx.command.Main --dex --force-jumbo --num-threads=4 --multi-dex --output C:\Users\QiXing\AndroidStudioProjects\New\app\build\intermediates\transforms\dex\debug\folders\1000\10\instant-run_b2ee099385403d96bb5d02a15e0d19b20e7db98c C:\Users\QiXing\AndroidStudioProjects\New\app\build\intermediates\incremental-runtime-classes\debug\instant-run.jar
java_class_path (initial): C:\Users\QiXing\AppData\Local\Android\sdk\build-tools\23.0.3\lib\dx.jar
Launcher Type: SUN_STANDARD

Environment Variables:
JAVA_HOME=C:\Program Files (x86)\Java\jdk1.6.0_43
CLASSPATH=.;C:\Program Files (x86)\Java\jdk1.6.0_43\lib\dt.jar;C:\Program Files (x86)\Java\jdk1.6.0_43\lib\tools.jar;
PATH=C:\Program Files\Common Files\Microsoft Shared\Windows Live;C:\Program Files (x86)\Java\jdk1.6.0_43\bin;C:\Program Files (x86)\Java\jdk1.6.0_43\jre\bin;C:\Program Files (x86)\NVIDIA Corporation\PhysX\Common;C:\Windows\system32;C:\Windows;C:\Windows\System32\Wbem;C:\Windows\System32\WindowsPowerShell\v1.0\;C:\Program Files (x86)\Windows7Master;C:\Program Files\Microsoft SQL Server\120\Tools\Binn\;C:\Program Files (x86)\Windows Kits\10\Windows Performance Toolkit\;F:\Matlab\runtime\win64;F:\Matlab\bin;F:\Matlab\polyspace\bin;C:\WINDOWS\system32;C:\WINDOWS;C:\WINDOWS\System32\Wbem;C:\WINDOWS\System32\WindowsPowerShell\v1.0\;F:\SPSS\JRE\bin;C:\Program Files\Java\jdk1.8.0_101\bin;E:\Git\cmd;F:\anaconda;F:\anaconda\Scripts;F:\anaconda\Library\bin;C:\Program Files\Common Files\Microsoft Shared\Windows Live
USERNAME=Michael
OS=Windows_NT
PROCESSOR_IDENTIFIER=Intel64 Family 6 Model 69 Stepping 1, GenuineIntel



---------------  S Y S T E M  ---------------

OS: Windows 10.0 , 64 bit Build 10586 (10.0.10586.0)

CPU:total 4 (2 cores per cpu, 2 threads per core) family 6 model 69 stepping 1, cmov, cx8, fxsr, mmx, sse, sse2, sse3, ssse3, sse4.1, sse4.2, popcnt, avx, avx2, aes, clmul, erms, lzcnt, ht, tsc, tscinvbit, bmi1, bmi2

Memory: 4k page, physical 4088172k(282544k free), swap 8276844k(2320k free)

vm_info: Java HotSpot(TM) 64-Bit Server VM (25.101-b13) for windows-amd64 JRE (1.8.0_101-b13), built on Jun 22 2016 01:21:29 by "java_re" with MS VC++ 10.0 (VS2010)

time: Sat Sep 17 11:43:06 2016
elapsed time: 4 seconds (0d 0h 0m 4s)

